[2024-06-06T11:12:27.289+0000] {local_task_job_runner.py:120} INFO - ::group::Pre task execution logs
[2024-06-06T11:12:27.299+0000] {taskinstance.py:2076} INFO - Dependencies all met for dep_context=non-requeueable deps ti=<TaskInstance: reddit_etl_pipeline.reddit_extraction manual__2024-06-06T11:12:26.045052+00:00 [queued]>
[2024-06-06T11:12:27.304+0000] {taskinstance.py:2076} INFO - Dependencies all met for dep_context=requeueable deps ti=<TaskInstance: reddit_etl_pipeline.reddit_extraction manual__2024-06-06T11:12:26.045052+00:00 [queued]>
[2024-06-06T11:12:27.304+0000] {taskinstance.py:2306} INFO - Starting attempt 1 of 1
[2024-06-06T11:12:27.310+0000] {taskinstance.py:2330} INFO - Executing <Task(PythonOperator): reddit_extraction> on 2024-06-06 11:12:26.045052+00:00
[2024-06-06T11:12:27.313+0000] {standard_task_runner.py:63} INFO - Started process 87 to run task
[2024-06-06T11:12:27.315+0000] {standard_task_runner.py:90} INFO - Running: ['airflow', 'tasks', 'run', 'reddit_etl_pipeline', 'reddit_extraction', 'manual__2024-06-06T11:12:26.045052+00:00', '--job-id', '18', '--raw', '--subdir', 'DAGS_FOLDER/reddit_dag.py', '--cfg-path', '/tmp/tmp2atmutc4']
[2024-06-06T11:12:27.317+0000] {standard_task_runner.py:91} INFO - Job 18: Subtask reddit_extraction
[2024-06-06T11:12:27.358+0000] {task_command.py:426} INFO - Running <TaskInstance: reddit_etl_pipeline.reddit_extraction manual__2024-06-06T11:12:26.045052+00:00 [running]> on host 59ea7148f4e9
[2024-06-06T11:12:27.403+0000] {taskinstance.py:2648} INFO - Exporting env vars: AIRFLOW_CTX_DAG_OWNER='Mohith' AIRFLOW_CTX_DAG_ID='reddit_etl_pipeline' AIRFLOW_CTX_TASK_ID='reddit_extraction' AIRFLOW_CTX_EXECUTION_DATE='2024-06-06T11:12:26.045052+00:00' AIRFLOW_CTX_TRY_NUMBER='1' AIRFLOW_CTX_DAG_RUN_ID='manual__2024-06-06T11:12:26.045052+00:00'
[2024-06-06T11:12:27.404+0000] {taskinstance.py:430} INFO - ::endgroup::
[2024-06-06T11:12:27.412+0000] {logging_mixin.py:188} INFO - Connected to Reddit!
[2024-06-06T11:12:28.603+0000] {taskinstance.py:441} INFO - ::group::Post task execution logs
[2024-06-06T11:12:28.604+0000] {taskinstance.py:2905} ERROR - Task failed with exception
Traceback (most recent call last):
  File "/home/airflow/.local/lib/python3.9/site-packages/airflow/models/taskinstance.py", line 465, in _execute_task
    result = _execute_callable(context=context, **execute_callable_kwargs)
  File "/home/airflow/.local/lib/python3.9/site-packages/airflow/models/taskinstance.py", line 432, in _execute_callable
    return execute_callable(context=context, **execute_callable_kwargs)
  File "/home/airflow/.local/lib/python3.9/site-packages/airflow/models/baseoperator.py", line 400, in wrapper
    return func(self, *args, **kwargs)
  File "/home/airflow/.local/lib/python3.9/site-packages/airflow/operators/python.py", line 235, in execute
    return_value = self.execute_callable()
  File "/home/airflow/.local/lib/python3.9/site-packages/airflow/operators/python.py", line 252, in execute_callable
    return self.python_callable(*self.op_args, **self.op_kwargs)
  File "/opt/airflow/pipelines/reddit_pipeline.py", line 15, in reddit_pipeline
    post_df = transform_data(posts_df)
  File "/opt/airflow/etls/reddit_etl.py", line 39, in transform_data
    post_df['edited'] = np.where(post_df['edited'].isin(True, False),
TypeError: isin() takes 2 positional arguments but 3 were given
[2024-06-06T11:12:28.612+0000] {taskinstance.py:1206} INFO - Marking task as FAILED. dag_id=reddit_etl_pipeline, task_id=reddit_extraction, run_id=manual__2024-06-06T11:12:26.045052+00:00, execution_date=20240606T111226, start_date=20240606T111227, end_date=20240606T111228
[2024-06-06T11:12:28.619+0000] {standard_task_runner.py:110} ERROR - Failed to execute job 18 for task reddit_extraction (isin() takes 2 positional arguments but 3 were given; 87)
[2024-06-06T11:12:28.660+0000] {local_task_job_runner.py:240} INFO - Task exited with return code 1
[2024-06-06T11:12:28.669+0000] {taskinstance.py:3498} INFO - 0 downstream tasks scheduled from follow-on schedule check
[2024-06-06T11:12:28.670+0000] {local_task_job_runner.py:222} INFO - ::endgroup::
