[2024-06-05T13:18:34.346+0000] {local_task_job_runner.py:120} INFO - ::group::Pre task execution logs
[2024-06-05T13:18:34.358+0000] {taskinstance.py:2076} INFO - Dependencies all met for dep_context=non-requeueable deps ti=<TaskInstance: reddit_etl_pipeline.reddit_extraction manual__2024-06-05T13:18:32.482033+00:00 [queued]>
[2024-06-05T13:18:34.363+0000] {taskinstance.py:2076} INFO - Dependencies all met for dep_context=requeueable deps ti=<TaskInstance: reddit_etl_pipeline.reddit_extraction manual__2024-06-05T13:18:32.482033+00:00 [queued]>
[2024-06-05T13:18:34.363+0000] {taskinstance.py:2306} INFO - Starting attempt 1 of 1
[2024-06-05T13:18:34.369+0000] {taskinstance.py:2330} INFO - Executing <Task(PythonOperator): reddit_extraction> on 2024-06-05 13:18:32.482033+00:00
[2024-06-05T13:18:34.372+0000] {standard_task_runner.py:63} INFO - Started process 75 to run task
[2024-06-05T13:18:34.374+0000] {standard_task_runner.py:90} INFO - Running: ['airflow', 'tasks', 'run', 'reddit_etl_pipeline', 'reddit_extraction', 'manual__2024-06-05T13:18:32.482033+00:00', '--job-id', '14', '--raw', '--subdir', 'DAGS_FOLDER/reddit_dag.py', '--cfg-path', '/tmp/tmpmak6we1w']
[2024-06-05T13:18:34.375+0000] {standard_task_runner.py:91} INFO - Job 14: Subtask reddit_extraction
[2024-06-05T13:18:34.413+0000] {task_command.py:426} INFO - Running <TaskInstance: reddit_etl_pipeline.reddit_extraction manual__2024-06-05T13:18:32.482033+00:00 [running]> on host 59ea7148f4e9
[2024-06-05T13:18:34.480+0000] {taskinstance.py:2648} INFO - Exporting env vars: AIRFLOW_CTX_DAG_OWNER='Mohith' AIRFLOW_CTX_DAG_ID='reddit_etl_pipeline' AIRFLOW_CTX_TASK_ID='reddit_extraction' AIRFLOW_CTX_EXECUTION_DATE='2024-06-05T13:18:32.482033+00:00' AIRFLOW_CTX_TRY_NUMBER='1' AIRFLOW_CTX_DAG_RUN_ID='manual__2024-06-05T13:18:32.482033+00:00'
[2024-06-05T13:18:34.481+0000] {taskinstance.py:430} INFO - ::endgroup::
[2024-06-05T13:18:34.488+0000] {logging_mixin.py:188} INFO - Connected to Reddit!
[2024-06-05T13:18:35.156+0000] {taskinstance.py:441} INFO - ::group::Post task execution logs
[2024-06-05T13:18:35.157+0000] {taskinstance.py:2905} ERROR - Task failed with exception
Traceback (most recent call last):
  File "/home/airflow/.local/lib/python3.9/site-packages/airflow/models/taskinstance.py", line 465, in _execute_task
    result = _execute_callable(context=context, **execute_callable_kwargs)
  File "/home/airflow/.local/lib/python3.9/site-packages/airflow/models/taskinstance.py", line 432, in _execute_callable
    return execute_callable(context=context, **execute_callable_kwargs)
  File "/home/airflow/.local/lib/python3.9/site-packages/airflow/models/baseoperator.py", line 400, in wrapper
    return func(self, *args, **kwargs)
  File "/home/airflow/.local/lib/python3.9/site-packages/airflow/operators/python.py", line 235, in execute
    return_value = self.execute_callable()
  File "/home/airflow/.local/lib/python3.9/site-packages/airflow/operators/python.py", line 252, in execute_callable
    return self.python_callable(*self.op_args, **self.op_kwargs)
  File "/opt/airflow/pipelines/reddit_pipeline.py", line 19, in reddit_pipeline
    load_data_to_csv(post_df, path=f'{OUTPUT_PATH}/{file_name}.csv')
  File "/opt/airflow/etls/reddit_etl.py", line 41, in load_data_to_csv
    data.to_csv(path, index=False)
  File "/home/airflow/.local/lib/python3.9/site-packages/pandas/util/_decorators.py", line 333, in wrapper
    return func(*args, **kwargs)
  File "/home/airflow/.local/lib/python3.9/site-packages/pandas/core/generic.py", line 3967, in to_csv
    return DataFrameRenderer(formatter).to_csv(
  File "/home/airflow/.local/lib/python3.9/site-packages/pandas/io/formats/format.py", line 1014, in to_csv
    csv_formatter.save()
  File "/home/airflow/.local/lib/python3.9/site-packages/pandas/io/formats/csvs.py", line 251, in save
    with get_handle(
  File "/home/airflow/.local/lib/python3.9/site-packages/pandas/io/common.py", line 749, in get_handle
    check_parent_directory(str(handle))
  File "/home/airflow/.local/lib/python3.9/site-packages/pandas/io/common.py", line 616, in check_parent_directory
    raise OSError(rf"Cannot save file into a non-existent directory: '{parent}'")
OSError: Cannot save file into a non-existent directory: '/opt/airflow/data/output'
[2024-06-05T13:18:35.176+0000] {taskinstance.py:1206} INFO - Marking task as FAILED. dag_id=reddit_etl_pipeline, task_id=reddit_extraction, run_id=manual__2024-06-05T13:18:32.482033+00:00, execution_date=20240605T131832, start_date=20240605T131834, end_date=20240605T131835
[2024-06-05T13:18:35.190+0000] {standard_task_runner.py:110} ERROR - Failed to execute job 14 for task reddit_extraction (Cannot save file into a non-existent directory: '/opt/airflow/data/output'; 75)
[2024-06-05T13:18:35.216+0000] {local_task_job_runner.py:240} INFO - Task exited with return code 1
[2024-06-05T13:18:35.228+0000] {taskinstance.py:3498} INFO - 0 downstream tasks scheduled from follow-on schedule check
[2024-06-05T13:18:35.229+0000] {local_task_job_runner.py:222} INFO - ::endgroup::
