[2024-06-05T13:13:04.558+0000] {local_task_job_runner.py:120} INFO - ::group::Pre task execution logs
[2024-06-05T13:13:04.569+0000] {taskinstance.py:2076} INFO - Dependencies all met for dep_context=non-requeueable deps ti=<TaskInstance: reddit_etl_pipeline.reddit_extraction manual__2024-06-05T13:13:03.239996+00:00 [queued]>
[2024-06-05T13:13:04.573+0000] {taskinstance.py:2076} INFO - Dependencies all met for dep_context=requeueable deps ti=<TaskInstance: reddit_etl_pipeline.reddit_extraction manual__2024-06-05T13:13:03.239996+00:00 [queued]>
[2024-06-05T13:13:04.574+0000] {taskinstance.py:2306} INFO - Starting attempt 1 of 1
[2024-06-05T13:13:04.579+0000] {taskinstance.py:2330} INFO - Executing <Task(PythonOperator): reddit_extraction> on 2024-06-05 13:13:03.239996+00:00
[2024-06-05T13:13:04.583+0000] {standard_task_runner.py:63} INFO - Started process 60 to run task
[2024-06-05T13:13:04.585+0000] {standard_task_runner.py:90} INFO - Running: ['airflow', 'tasks', 'run', 'reddit_etl_pipeline', 'reddit_extraction', 'manual__2024-06-05T13:13:03.239996+00:00', '--job-id', '9', '--raw', '--subdir', 'DAGS_FOLDER/reddit_dag.py', '--cfg-path', '/tmp/tmpcf214vqx']
[2024-06-05T13:13:04.587+0000] {standard_task_runner.py:91} INFO - Job 9: Subtask reddit_extraction
[2024-06-05T13:13:04.610+0000] {task_command.py:426} INFO - Running <TaskInstance: reddit_etl_pipeline.reddit_extraction manual__2024-06-05T13:13:03.239996+00:00 [running]> on host 59ea7148f4e9
[2024-06-05T13:13:04.649+0000] {taskinstance.py:2648} INFO - Exporting env vars: AIRFLOW_CTX_DAG_OWNER='Mohith' AIRFLOW_CTX_DAG_ID='reddit_etl_pipeline' AIRFLOW_CTX_TASK_ID='reddit_extraction' AIRFLOW_CTX_EXECUTION_DATE='2024-06-05T13:13:03.239996+00:00' AIRFLOW_CTX_TRY_NUMBER='1' AIRFLOW_CTX_DAG_RUN_ID='manual__2024-06-05T13:13:03.239996+00:00'
[2024-06-05T13:13:04.650+0000] {taskinstance.py:430} INFO - ::endgroup::
[2024-06-05T13:13:04.762+0000] {logging_mixin.py:188} INFO - Connected to Reddit!
[2024-06-05T13:13:05.418+0000] {taskinstance.py:441} INFO - ::group::Post task execution logs
[2024-06-05T13:13:05.420+0000] {taskinstance.py:2905} ERROR - Task failed with exception
Traceback (most recent call last):
  File "/home/airflow/.local/lib/python3.9/site-packages/airflow/models/taskinstance.py", line 465, in _execute_task
    result = _execute_callable(context=context, **execute_callable_kwargs)
  File "/home/airflow/.local/lib/python3.9/site-packages/airflow/models/taskinstance.py", line 432, in _execute_callable
    return execute_callable(context=context, **execute_callable_kwargs)
  File "/home/airflow/.local/lib/python3.9/site-packages/airflow/models/baseoperator.py", line 400, in wrapper
    return func(self, *args, **kwargs)
  File "/home/airflow/.local/lib/python3.9/site-packages/airflow/operators/python.py", line 235, in execute
    return_value = self.execute_callable()
  File "/home/airflow/.local/lib/python3.9/site-packages/airflow/operators/python.py", line 252, in execute_callable
    return self.python_callable(*self.op_args, **self.op_kwargs)
  File "/opt/airflow/pipelines/reddit_pipeline.py", line 15, in reddit_pipeline
    post_df = transform_data(posts_df)
NameError: name 'transform_data' is not defined
[2024-06-05T13:13:05.429+0000] {taskinstance.py:1206} INFO - Marking task as FAILED. dag_id=reddit_etl_pipeline, task_id=reddit_extraction, run_id=manual__2024-06-05T13:13:03.239996+00:00, execution_date=20240605T131303, start_date=20240605T131304, end_date=20240605T131305
[2024-06-05T13:13:05.440+0000] {standard_task_runner.py:110} ERROR - Failed to execute job 9 for task reddit_extraction (name 'transform_data' is not defined; 60)
[2024-06-05T13:13:05.466+0000] {local_task_job_runner.py:240} INFO - Task exited with return code 1
[2024-06-05T13:13:05.479+0000] {taskinstance.py:3498} INFO - 0 downstream tasks scheduled from follow-on schedule check
[2024-06-05T13:13:05.480+0000] {local_task_job_runner.py:222} INFO - ::endgroup::
